2017-09-24T15:15:27.669-0500 I CONTROL  [main] ***** SERVER RESTARTED *****
2017-09-24T15:15:28.263-0500 I CONTROL  [initandlisten] MongoDB starting : pid=488 port=30000 dbpath=C:/data/db 64-bit host=Alan-HP
2017-09-24T15:15:28.263-0500 I CONTROL  [initandlisten] targetMinOS: Windows 7/Windows Server 2008 R2
2017-09-24T15:15:28.263-0500 I CONTROL  [initandlisten] db version v3.4.9
2017-09-24T15:15:28.263-0500 I CONTROL  [initandlisten] git version: 876ebee8c7dd0e2d992f36a848ff4dc50ee6603e
2017-09-24T15:15:28.263-0500 I CONTROL  [initandlisten] OpenSSL version: OpenSSL 1.0.1u-fips  22 Sep 2016
2017-09-24T15:15:28.263-0500 I CONTROL  [initandlisten] allocator: tcmalloc
2017-09-24T15:15:28.263-0500 I CONTROL  [initandlisten] modules: none
2017-09-24T15:15:28.263-0500 I CONTROL  [initandlisten] build environment:
2017-09-24T15:15:28.263-0500 I CONTROL  [initandlisten]     distmod: 2008plus-ssl
2017-09-24T15:15:28.263-0500 I CONTROL  [initandlisten]     distarch: x86_64
2017-09-24T15:15:28.263-0500 I CONTROL  [initandlisten]     target_arch: x86_64
2017-09-24T15:15:28.263-0500 I CONTROL  [initandlisten] options: { config: "C:/Users/Alan/LITTLE_BIG_POND/mongo/configuration.txt", net: { bindIp: "127.0.0.1", port: 30000 }, setParameter: { enableLocalhostAuthBypass: "false" }, storage: { dbPath: "C:/data/db", journal: { enabled: true } }, systemLog: { destination: "file", logAppend: true, path: "C:/Users/Alan/LITTLE_BIG_POND/mongo/log.log" } }
2017-09-24T15:15:28.307-0500 I STORAGE  [initandlisten] exception in initAndListen: 98 Unable to create/open lock file: C:/data/db\mongod.lock The process cannot access the file because it is being used by another process.. Is a mongod instance already running?, terminating
2017-09-24T15:15:28.307-0500 I NETWORK  [initandlisten] shutdown: going to close listening sockets...
2017-09-24T15:15:28.320-0500 I NETWORK  [initandlisten] shutdown: going to flush diaglog...
2017-09-24T15:15:28.324-0500 I CONTROL  [initandlisten] now exiting
2017-09-24T15:15:28.324-0500 I CONTROL  [initandlisten] shutting down with code:100
2017-09-24T15:15:48.164-0500 I CONTROL  [main] ***** SERVER RESTARTED *****
2017-09-24T15:15:48.635-0500 I CONTROL  [initandlisten] MongoDB starting : pid=3424 port=30000 dbpath=C:/data/db 64-bit host=Alan-HP
2017-09-24T15:15:48.635-0500 I CONTROL  [initandlisten] targetMinOS: Windows 7/Windows Server 2008 R2
2017-09-24T15:15:48.635-0500 I CONTROL  [initandlisten] db version v3.4.9
2017-09-24T15:15:48.635-0500 I CONTROL  [initandlisten] git version: 876ebee8c7dd0e2d992f36a848ff4dc50ee6603e
2017-09-24T15:15:48.635-0500 I CONTROL  [initandlisten] OpenSSL version: OpenSSL 1.0.1u-fips  22 Sep 2016
2017-09-24T15:15:48.636-0500 I CONTROL  [initandlisten] allocator: tcmalloc
2017-09-24T15:15:48.636-0500 I CONTROL  [initandlisten] modules: none
2017-09-24T15:15:48.636-0500 I CONTROL  [initandlisten] build environment:
2017-09-24T15:15:48.636-0500 I CONTROL  [initandlisten]     distmod: 2008plus-ssl
2017-09-24T15:15:48.636-0500 I CONTROL  [initandlisten]     distarch: x86_64
2017-09-24T15:15:48.636-0500 I CONTROL  [initandlisten]     target_arch: x86_64
2017-09-24T15:15:48.636-0500 I CONTROL  [initandlisten] options: { config: "C:/Users/Alan/LITTLE_BIG_POND/mongo/configuration.txt", net: { bindIp: "127.0.0.1", port: 30000 }, setParameter: { enableLocalhostAuthBypass: "false" }, storage: { dbPath: "C:/data/db", journal: { enabled: true } }, systemLog: { destination: "file", logAppend: true, path: "C:/Users/Alan/LITTLE_BIG_POND/mongo/log.log" } }
2017-09-24T15:15:48.636-0500 I STORAGE  [initandlisten] exception in initAndListen: 98 Unable to create/open lock file: C:/data/db\mongod.lock The process cannot access the file because it is being used by another process.. Is a mongod instance already running?, terminating
2017-09-24T15:15:48.636-0500 I NETWORK  [initandlisten] shutdown: going to close listening sockets...
2017-09-24T15:15:48.636-0500 I NETWORK  [initandlisten] shutdown: going to flush diaglog...
2017-09-24T15:15:48.636-0500 I CONTROL  [initandlisten] now exiting
2017-09-24T15:15:48.636-0500 I CONTROL  [initandlisten] shutting down with code:100
2017-09-24T15:16:00.052-0500 I CONTROL  [main] ***** SERVER RESTARTED *****
2017-09-24T15:16:00.522-0500 I CONTROL  [initandlisten] MongoDB starting : pid=5704 port=30000 dbpath=C:/data/db 64-bit host=Alan-HP
2017-09-24T15:16:00.522-0500 I CONTROL  [initandlisten] targetMinOS: Windows 7/Windows Server 2008 R2
2017-09-24T15:16:00.522-0500 I CONTROL  [initandlisten] db version v3.4.9
2017-09-24T15:16:00.522-0500 I CONTROL  [initandlisten] git version: 876ebee8c7dd0e2d992f36a848ff4dc50ee6603e
2017-09-24T15:16:00.522-0500 I CONTROL  [initandlisten] OpenSSL version: OpenSSL 1.0.1u-fips  22 Sep 2016
2017-09-24T15:16:00.522-0500 I CONTROL  [initandlisten] allocator: tcmalloc
2017-09-24T15:16:00.522-0500 I CONTROL  [initandlisten] modules: none
2017-09-24T15:16:00.522-0500 I CONTROL  [initandlisten] build environment:
2017-09-24T15:16:00.523-0500 I CONTROL  [initandlisten]     distmod: 2008plus-ssl
2017-09-24T15:16:00.523-0500 I CONTROL  [initandlisten]     distarch: x86_64
2017-09-24T15:16:00.523-0500 I CONTROL  [initandlisten]     target_arch: x86_64
2017-09-24T15:16:00.523-0500 I CONTROL  [initandlisten] options: { config: "C:/Users/Alan/LITTLE_BIG_POND/mongo/configuration.txt", net: { bindIp: "127.0.0.1", port: 30000 }, setParameter: { enableLocalhostAuthBypass: "false" }, storage: { dbPath: "C:/data/db", journal: { enabled: true } }, systemLog: { destination: "file", logAppend: true, path: "C:/Users/Alan/LITTLE_BIG_POND/mongo/log.log" } }
2017-09-24T15:16:00.523-0500 I STORAGE  [initandlisten] exception in initAndListen: 98 Unable to create/open lock file: C:/data/db\mongod.lock The process cannot access the file because it is being used by another process.. Is a mongod instance already running?, terminating
2017-09-24T15:16:00.523-0500 I NETWORK  [initandlisten] shutdown: going to close listening sockets...
2017-09-24T15:16:00.523-0500 I NETWORK  [initandlisten] shutdown: going to flush diaglog...
2017-09-24T15:16:00.523-0500 I CONTROL  [initandlisten] now exiting
2017-09-24T15:16:00.523-0500 I CONTROL  [initandlisten] shutting down with code:100
2017-09-24T15:30:06.140-0500 I CONTROL  [main] ***** SERVER RESTARTED *****
2017-09-24T15:30:06.616-0500 I CONTROL  [initandlisten] MongoDB starting : pid=3296 port=30000 dbpath=C:/data/db 64-bit host=Alan-HP
2017-09-24T15:30:06.616-0500 I CONTROL  [initandlisten] targetMinOS: Windows 7/Windows Server 2008 R2
2017-09-24T15:30:06.616-0500 I CONTROL  [initandlisten] db version v3.4.9
2017-09-24T15:30:06.616-0500 I CONTROL  [initandlisten] git version: 876ebee8c7dd0e2d992f36a848ff4dc50ee6603e
2017-09-24T15:30:06.617-0500 I CONTROL  [initandlisten] OpenSSL version: OpenSSL 1.0.1u-fips  22 Sep 2016
2017-09-24T15:30:06.617-0500 I CONTROL  [initandlisten] allocator: tcmalloc
2017-09-24T15:30:06.617-0500 I CONTROL  [initandlisten] modules: none
2017-09-24T15:30:06.617-0500 I CONTROL  [initandlisten] build environment:
2017-09-24T15:30:06.617-0500 I CONTROL  [initandlisten]     distmod: 2008plus-ssl
2017-09-24T15:30:06.617-0500 I CONTROL  [initandlisten]     distarch: x86_64
2017-09-24T15:30:06.617-0500 I CONTROL  [initandlisten]     target_arch: x86_64
2017-09-24T15:30:06.617-0500 I CONTROL  [initandlisten] options: { config: "C:/Users/Alan/LITTLE_BIG_POND/mongo/configuration.txt", net: { bindIp: "127.0.0.1", port: 30000 }, setParameter: { enableLocalhostAuthBypass: "false" }, storage: { dbPath: "C:/data/db", journal: { enabled: true } }, systemLog: { destination: "file", logAppend: true, path: "C:/Users/Alan/LITTLE_BIG_POND/mongo/log.log" } }
2017-09-24T15:30:06.617-0500 I STORAGE  [initandlisten] exception in initAndListen: 98 Unable to create/open lock file: C:/data/db\mongod.lock The process cannot access the file because it is being used by another process.. Is a mongod instance already running?, terminating
2017-09-24T15:30:06.617-0500 I NETWORK  [initandlisten] shutdown: going to close listening sockets...
2017-09-24T15:30:06.617-0500 I NETWORK  [initandlisten] shutdown: going to flush diaglog...
2017-09-24T15:30:06.617-0500 I CONTROL  [initandlisten] now exiting
2017-09-24T15:30:06.617-0500 I CONTROL  [initandlisten] shutting down with code:100
2017-09-24T15:57:39.209-0500 I CONTROL  [main] ***** SERVER RESTARTED *****
2017-09-24T15:57:42.956-0500 I CONTROL  [initandlisten] MongoDB starting : pid=4136 port=30000 dbpath=C:/data/db 64-bit host=Alan-HP
2017-09-24T15:57:42.969-0500 I CONTROL  [initandlisten] targetMinOS: Windows 7/Windows Server 2008 R2
2017-09-24T15:57:42.969-0500 I CONTROL  [initandlisten] db version v3.4.9
2017-09-24T15:57:42.969-0500 I CONTROL  [initandlisten] git version: 876ebee8c7dd0e2d992f36a848ff4dc50ee6603e
2017-09-24T15:57:42.998-0500 I CONTROL  [initandlisten] OpenSSL version: OpenSSL 1.0.1u-fips  22 Sep 2016
2017-09-24T15:57:42.998-0500 I CONTROL  [initandlisten] allocator: tcmalloc
2017-09-24T15:57:42.998-0500 I CONTROL  [initandlisten] modules: none
2017-09-24T15:57:42.998-0500 I CONTROL  [initandlisten] build environment:
2017-09-24T15:57:42.998-0500 I CONTROL  [initandlisten]     distmod: 2008plus-ssl
2017-09-24T15:57:42.998-0500 I CONTROL  [initandlisten]     distarch: x86_64
2017-09-24T15:57:42.998-0500 I CONTROL  [initandlisten]     target_arch: x86_64
2017-09-24T15:57:42.998-0500 I CONTROL  [initandlisten] options: { config: "C:/Users/Alan/LITTLE_BIG_POND/mongo/configuration.txt", net: { bindIp: "127.0.0.1", port: 30000 }, setParameter: { enableLocalhostAuthBypass: "false" }, storage: { dbPath: "C:/data/db", journal: { enabled: true } }, systemLog: { destination: "file", logAppend: true, path: "C:/Users/Alan/LITTLE_BIG_POND/mongo/log.log" } }
2017-09-24T15:57:43.197-0500 W -        [initandlisten] Detected unclean shutdown - C:/data/db\mongod.lock is not empty.
2017-09-24T15:57:43.230-0500 I -        [initandlisten] Detected data files in C:/data/db created by the 'wiredTiger' storage engine, so setting the active storage engine to 'wiredTiger'.
2017-09-24T15:57:43.230-0500 W STORAGE  [initandlisten] Recovering data from the last clean checkpoint.
2017-09-24T15:57:43.244-0500 I STORAGE  [initandlisten] wiredtiger_open config: create,cache_size=1483M,session_max=20000,eviction=(threads_min=4,threads_max=4),config_base=false,statistics=(fast),log=(enabled=true,archive=true,path=journal,compressor=snappy),file_manager=(close_idle_time=100000),checkpoint=(wait=60,log_size=2GB),statistics_log=(wait=0),
2017-09-24T15:57:45.004-0500 I CONTROL  [initandlisten] 
2017-09-24T15:57:45.005-0500 I CONTROL  [initandlisten] ** WARNING: Access control is not enabled for the database.
2017-09-24T15:57:45.005-0500 I CONTROL  [initandlisten] **          Read and write access to data and configuration is unrestricted.
2017-09-24T15:57:45.005-0500 I CONTROL  [initandlisten] 
2017-09-24T15:57:48.549-0500 I FTDC     [initandlisten] Initializing full-time diagnostic data capture with directory 'C:/data/db/diagnostic.data'
2017-09-24T15:57:48.597-0500 I NETWORK  [thread1] waiting for connections on port 30000
2017-09-24T15:57:49.155-0500 I FTDC     [ftdc] Unclean full-time diagnostic data capture shutdown detected, found interim file, some metrics may have been lost. OK
2017-09-24T15:58:14.773-0500 I NETWORK  [thread1] connection accepted from 127.0.0.1:49330 #1 (1 connection now open)
2017-09-24T15:58:14.818-0500 I NETWORK  [conn1] received client metadata from 127.0.0.1:49330 conn1: { application: { name: "MongoDB Shell" }, driver: { name: "MongoDB Internal Client", version: "3.4.9" }, os: { type: "Windows", name: "Microsoft Windows 7", architecture: "x86_64", version: "6.1 SP1 (build 7601)" } }
2017-09-24T15:58:26.571-0500 I -        [conn1] end connection 127.0.0.1:49330 (1 connection now open)
